# JRE version: OpenJDK Runtime Environment Zulu13.37+21-CA (13.0.6+5) (build 13.0.6+5-MTS)
# Java VM: OpenJDK 64-Bit Server VM Zulu13.37+21-CA (13.0.6+5-MTS, mixed mode, tiered, compressed oops, g1 gc, bsd-aarch64)
Heap:
 garbage-first heap   total 100352K, used 66872K [0x0000000740000000, 0x00000007c0000000)
  region size 1024K, 49 young (50176K), 6 survivors (6144K)
 Metaspace       used 62953K, capacity 64719K, committed 64848K, reserved 1105920K
  class space    used 8221K, capacity 8925K, committed 8960K, reserved 1048576K
GC Heap History (20 events):
Event: 1.197 GC heap before
{Heap before GC invocations=10 (full 0):
 garbage-first heap   total 51200K, used 37862K [0x0000000740000000, 0x00000007c0000000)
  region size 1024K, 27 young (27648K), 3 survivors (3072K)
 Metaspace       used 33249K, capacity 34373K, committed 34608K, reserved 1079296K
  class space    used 4276K, capacity 4712K, committed 4736K, reserved 1048576K
}
Event: 1.201 GC heap after
{Heap after GC invocations=11 (full 0):
 garbage-first heap   total 51200K, used 14771K [0x0000000740000000, 0x00000007c0000000)
  region size 1024K, 4 young (4096K), 4 survivors (4096K)
 Metaspace       used 33249K, capacity 34373K, committed 34608K, reserved 1079296K
  class space    used 4276K, capacity 4712K, committed 4736K, reserved 1048576K
}
Event: 1.244 GC heap before
{Heap before GC invocations=11 (full 0):
 garbage-first heap   total 51200K, used 26035K [0x0000000740000000, 0x00000007c0000000)
  region size 1024K, 16 young (16384K), 4 survivors (4096K)
 Metaspace       used 34762K, capacity 35813K, committed 35920K, reserved 1081344K
  class space    used 4410K, capacity 4851K, committed 4864K, reserved 1048576K
}
Event: 1.248 GC heap after
{Heap after GC invocations=12 (full 0):
 garbage-first heap   total 62464K, used 15468K [0x0000000740000000, 0x00000007c0000000)
  region size 1024K, 3 young (3072K), 3 survivors (3072K)
 Metaspace       used 34762K, capacity 35813K, committed 35920K, reserved 1081344K
  class space    used 4410K, capacity 4851K, committed 4864K, reserved 1048576K
}
Event: 1.254 GC heap before
{Heap before GC invocations=12 (full 0):
 garbage-first heap   total 62464K, used 40044K [0x0000000740000000, 0x00000007c0000000)
  region size 1024K, 28 young (28672K), 3 survivors (3072K)
 Metaspace       used 34771K, capacity 35877K, committed 36176K, reserved 1081344K
  class space    used 4411K, capacity 4851K, committed 4864K, reserved 1048576K
}
Event: 1.257 GC heap after
{Heap after GC invocations=13 (full 0):
 garbage-first heap   total 62464K, used 15906K [0x0000000740000000, 0x00000007c0000000)
  region size 1024K, 1 young (1024K), 1 survivors (1024K)
 Metaspace       used 34771K, capacity 35877K, committed 36176K, reserved 1081344K
  class space    used 4411K, capacity 4851K, committed 4864K, reserved 1048576K
}
Event: 1.307 GC heap before
{Heap before GC invocations=14 (full 0):
 garbage-first heap   total 61440K, used 41506K [0x0000000740000000, 0x00000007c0000000)
  region size 1024K, 27 young (27648K), 1 survivors (1024K)
 Metaspace       used 35694K, capacity 36877K, committed 37072K, reserved 1081344K
  class space    used 4525K, capacity 4972K, committed 4992K, reserved 1048576K
}
Event: 1.309 GC heap after
{Heap after GC invocations=15 (full 0):
 garbage-first heap   total 61440K, used 16299K [0x0000000740000000, 0x00000007c0000000)
  region size 1024K, 2 young (2048K), 2 survivors (2048K)
 Metaspace       used 35694K, capacity 36877K, committed 37072K, reserved 1081344K
  class space    used 4525K, capacity 4972K, committed 4992K, reserved 1048576K
}
Event: 1.402 GC heap before
{Heap before GC invocations=15 (full 0):
 garbage-first heap   total 61440K, used 42923K [0x0000000740000000, 0x00000007c0000000)
  region size 1024K, 29 young (29696K), 2 survivors (2048K)
 Metaspace       used 39588K, capacity 40807K, committed 40912K, reserved 1085440K
  class space    used 4931K, capacity 5423K, committed 5504K, reserved 1048576K
}
Event: 1.405 GC heap after
{Heap after GC invocations=16 (full 0):
 garbage-first heap   total 61440K, used 17961K [0x0000000740000000, 0x00000007c0000000)
  region size 1024K, 3 young (3072K), 3 survivors (3072K)
 Metaspace       used 39588K, capacity 40807K, committed 40912K, reserved 1085440K
  class space    used 4931K, capacity 5423K, committed 5504K, reserved 1048576K
}
Event: 1.517 GC heap before
{Heap before GC invocations=16 (full 0):
 garbage-first heap   total 61440K, used 44585K [0x0000000740000000, 0x00000007c0000000)
  region size 1024K, 30 young (30720K), 3 survivors (3072K)
 Metaspace       used 43384K, capacity 44579K, committed 44880K, reserved 1087488K
  class space    used 5585K, capacity 6059K, committed 6144K, reserved 1048576K
}
Event: 1.519 GC heap after
{Heap after GC invocations=17 (full 0):
 garbage-first heap   total 82944K, used 18505K [0x0000000740000000, 0x00000007c0000000)
  region size 1024K, 3 young (3072K), 3 survivors (3072K)
 Metaspace       used 43384K, capacity 44579K, committed 44880K, reserved 1087488K
  class space    used 5585K, capacity 6059K, committed 6144K, reserved 1048576K
}
Event: 1.662 GC heap before
{Heap before GC invocations=17 (full 0):
 garbage-first heap   total 82944K, used 53321K [0x0000000740000000, 0x00000007c0000000)
  region size 1024K, 38 young (38912K), 3 survivors (3072K)
 Metaspace       used 48789K, capacity 50027K, committed 50128K, reserved 1093632K
  class space    used 6246K, capacity 6723K, committed 6784K, reserved 1048576K
}
Event: 1.665 GC heap after
{Heap after GC invocations=18 (full 0):
 garbage-first heap   total 82944K, used 19697K [0x0000000740000000, 0x00000007c0000000)
  region size 1024K, 4 young (4096K), 4 survivors (4096K)
 Metaspace       used 48789K, capacity 50027K, committed 50128K, reserved 1093632K
  class space    used 6246K, capacity 6723K, committed 6784K, reserved 1048576K
}
Event: 1.800 GC heap before
{Heap before GC invocations=18 (full 0):
 garbage-first heap   total 82944K, used 55537K [0x0000000740000000, 0x00000007c0000000)
  region size 1024K, 39 young (39936K), 4 survivors (4096K)
 Metaspace       used 52903K, capacity 54261K, committed 54480K, reserved 1095680K
  class space    used 6917K, capacity 7449K, committed 7552K, reserved 1048576K
}
Event: 1.802 GC heap after
{Heap after GC invocations=19 (full 0):
 garbage-first heap   total 82944K, used 20893K [0x0000000740000000, 0x00000007c0000000)
  region size 1024K, 4 young (4096K), 4 survivors (4096K)
 Metaspace       used 52903K, capacity 54261K, committed 54480K, reserved 1095680K
  class space    used 6917K, capacity 7449K, committed 7552K, reserved 1048576K
}
Event: 1.945 GC heap before
{Heap before GC invocations=19 (full 0):
 garbage-first heap   total 82944K, used 57757K [0x0000000740000000, 0x00000007c0000000)
  region size 1024K, 40 young (40960K), 4 survivors (4096K)
 Metaspace       used 56447K, capacity 57979K, committed 58064K, reserved 1099776K
  class space    used 7409K, capacity 8008K, committed 8064K, reserved 1048576K
}
Event: 1.948 GC heap after
{Heap after GC invocations=20 (full 0):
 garbage-first heap   total 82944K, used 22796K [0x0000000740000000, 0x00000007c0000000)
  region size 1024K, 5 young (5120K), 5 survivors (5120K)
 Metaspace       used 56447K, capacity 57979K, committed 58064K, reserved 1099776K
  class space    used 7409K, capacity 8008K, committed 8064K, reserved 1048576K
}
Event: 2.066 GC heap before
{Heap before GC invocations=20 (full 0):
 garbage-first heap   total 82944K, used 46348K [0x0000000740000000, 0x00000007c0000000)
  region size 1024K, 29 young (29696K), 5 survivors (5120K)
 Metaspace       used 58499K, capacity 60125K, committed 60240K, reserved 1101824K
  class space    used 7695K, capacity 8338K, committed 8448K, reserved 1048576K
}
Event: 2.069 GC heap after
{Heap after GC invocations=21 (full 0):
 garbage-first heap   total 100352K, used 24888K [0x0000000740000000, 0x00000007c0000000)
  region size 1024K, 6 young (6144K), 6 survivors (6144K)
 Metaspace       used 58499K, capacity 60125K, committed 60240K, reserved 1101824K
  class space    used 7695K, capacity 8338K, committed 8448K, reserved 1048576K
}

